<?xml version="1.0" encoding="UTF-8"?>
<!-- Generated by org.testng.reporters.JUnitXMLReporter -->
<testsuite ignored="2" hostname="OracleSoft" failures="0" tests="1" name="HomeLoan" time="0.007" errors="0" timestamp="2022-12-29T18:23:21 IST">
  <testcase classname="testNG.day2" name="MobileHomeLoan" time="0.002"/>
  <testcase classname="testNG.day2" name="APIHomeLoan" time="0.0">
    <ignored/>
  </testcase> <!-- APIHomeLoan -->
  <testcase classname="testNG.day2" name="WebHomeLoan" time="0.0">
    <ignored/>
  </testcase> <!-- WebHomeLoan -->
</testsuite> <!-- HomeLoan -->
