<?xml version="1.0" encoding="UTF-8"?>
<!-- Generated by org.testng.reporters.JUnitXMLReporter -->
<testsuite ignored="2" hostname="OracleSoft" failures="0" tests="1" name="PersonalLoan" time="0.076" errors="0" timestamp="2022-12-29T18:23:21 IST">
  <testcase classname="testNG.day1" name="MobilePersonalLoan" time="0.012"/>
  <testcase classname="testNG.day1" name="APIPersonalLoan" time="0.0">
    <ignored/>
  </testcase> <!-- APIPersonalLoan -->
  <testcase classname="testNG.day1" name="WebPersonalLoan" time="0.0">
    <ignored/>
  </testcase> <!-- WebPersonalLoan -->
</testsuite> <!-- PersonalLoan -->
