<?xml version="1.0" encoding="UTF-8"?>
<!-- Generated by org.testng.reporters.JUnitXMLReporter -->
<testsuite ignored="2" hostname="OracleSoft" failures="1" tests="1" name="carLoan" time="0.143" errors="0" timestamp="2023-06-05T18:34:18 IST">
  <testcase classname="testNG.day3" name="WebCarLoan" time="0.063">
    <failure type="org.testng.internal.reflect.MethodMatcherException" message="
[public void testNG.day3.WebCarLoan(java.lang.String,java.lang.String)] has no parameters defined but was found to be using a data provider (either explicitly specified or inherited from class level annotation).
Data provider mismatch
Method: WebCarLoan([Parameter{index=0, type=java.lang.String, declaredAnnotations=[]}, Parameter{index=1, type=java.lang.String, declaredAnnotations=[]}])
Arguments: [(java.lang.String) Hi,(java.lang.String) this,null]">
      <![CDATA[org.testng.internal.reflect.MethodMatcherException: 
[public void testNG.day3.WebCarLoan(java.lang.String,java.lang.String)] has no parameters defined but was found to be using a data provider (either explicitly specified or inherited from class level annotation).
Data provider mismatch
Method: WebCarLoan([Parameter{index=0, type=java.lang.String, declaredAnnotations=[]}, Parameter{index=1, type=java.lang.String, declaredAnnotations=[]}])
Arguments: [(java.lang.String) Hi,(java.lang.String) this,null]
at java.base/java.util.ArrayList.forEach(ArrayList.java:1541)
... Removed 22 stack frames]]>
    </failure>
  </testcase> <!-- WebCarLoan -->
  <testcase classname="testNG.day3" name="MobileCarLoan" time="0.0">
    <ignored/>
  </testcase> <!-- MobileCarLoan -->
  <testcase classname="testNG.day3" name="APICarLoan" time="0.0">
    <ignored/>
  </testcase> <!-- APICarLoan -->
</testsuite> <!-- carLoan -->
