<?xml version="1.0" encoding="UTF-8"?>
<!-- Generated by org.testng.reporters.JUnitXMLReporter -->
<testsuite ignored="0" hostname="OracleSoft" failures="0" tests="6" name="HomeLoan" time="0.245" errors="0" timestamp="2023-06-05T17:27:46 IST">
  <testcase classname="testNG.day1" name="APIPersonalLoan" time="0.014"/>
  <testcase classname="testNG.day1" name="MobilePersonalLoan" time="0.01"/>
  <testcase classname="testNG.day1" name="WebPersonalLoan" time="0.006"/>
  <testcase classname="testNG.day2" name="APIHomeLoan" time="0.005"/>
  <testcase classname="testNG.day2" name="MobileHomeLoan" time="0.003"/>
  <testcase classname="testNG.day2" name="WebHomeLoan" time="0.003"/>
</testsuite> <!-- HomeLoan -->
