<?xml version="1.0" encoding="UTF-8"?>
<!-- Generated by org.testng.reporters.JUnitXMLReporter -->
<testsuite ignored="0" hostname="OracleSoft" failures="0" tests="9" name="Test" time="0.225" errors="0" timestamp="2023-06-05T17:10:29 IST">
  <testcase classname="testNG.day3" name="APICarLoan" time="0.021"/>
  <testcase classname="testNG.day3" name="MobileCarLoan" time="0.003"/>
  <testcase classname="testNG.day3" name="WebCarLoan" time="0.003"/>
  <testcase classname="testNG.day1" name="APIPersonalLoan" time="0.004"/>
  <testcase classname="testNG.day1" name="MobilePersonalLoan" time="0.005"/>
  <testcase classname="testNG.day1" name="WebPersonalLoan" time="0.007"/>
  <testcase classname="testNG.day2" name="APIHomeLoan" time="0.004"/>
  <testcase classname="testNG.day2" name="MobileHomeLoan" time="0.009"/>
  <testcase classname="testNG.day2" name="WebHomeLoan" time="0.005"/>
</testsuite> <!-- Test -->
